<?xml version="1.0" encoding="UTF-8"?>
<testsuite xmlns:xsi="http://www.w3.org/2001/XMLSchema-instance" xsi:noNamespaceSchemaLocation="https://maven.apache.org/surefire/maven-surefire-plugin/xsd/surefire-test-report-3.0.xsd" version="3.0" name="TestSuite" time="157.585" tests="12" errors="0" skipped="0" failures="1">
  <properties>
[...]
</properties>
  <testcase name="runScenario[&quot;User could register with valid data&quot;, &quot;Optional[User Registration]&quot;](1)" classname="runner.RunnerTestNG" time="20.821">
    <system-out><![CDATA[[TestNGContentHandler] [WARN] It is strongly recommended to add "<!DOCTYPE suite SYSTEM "https://testng.org/testng-1.0.dtd" >" at the top of the suite file [D:\Self-Improvement\Projects\Testing Automation\AutomationLastUpdate\testng.xml] otherwise TestNG may fail or not work as expected.

@Regression
Scenario: User could register with valid data                                  &amp#27;[90m# src/test/java/features/F01_Registration.feature:5&amp#27;[0m
  &amp#27;[32mGiven &amp#27;[0m&amp#27;[32mUser clicks on register button&amp#27;[0m                                         &amp#27;[90m# stepDefinitions.RegistrationStep.clickOnRegistrationBtn()&amp#27;[0m
  &amp#27;[32mWhen &amp#27;[0m&amp#27;[32menters &amp#27;[0m&amp#27;[32m&amp#27;[1m"Male"&amp#27;[0m&amp#27;[32m, &amp#27;[0m&amp#27;[32m&amp#27;[1m"first name"&amp#27;[0m&amp#27;[32m, &amp#27;[0m&amp#27;[32m&amp#27;[1m"last name"&amp#27;[0m&amp#27;[32m, &amp#27;[0m&amp#27;[32m&amp#27;[1m"12@gmail.com"&amp#27;[0m&amp#27;[32m and &amp#27;[0m&amp#27;[32m&amp#27;[1m"12341234"&amp#27;[0m &amp#27;[90m# stepDefinitions.RegistrationStep.entersAndConfirm(java.lang.String,java.lang.String,java.lang.String,java.lang.String,java.lang.String)&amp#27;[0m
  &amp#27;[32mThen &amp#27;[0m&amp#27;[32mUser registered successfully and confirmation message will appear&amp#27;[0m       &amp#27;[90m# stepDefinitions.RegistrationStep.userRegisteredSuccessfullyAndConfirmationMessageWillAppear()&amp#27;[0m
  &amp#27;[32mAnd &amp#27;[0m&amp#27;[32mlog out&amp#27;[0m                                                                  &amp#27;[90m# stepDefinitions.RegistrationStep.logOut()&amp#27;[0m
]]></system-out>
    <system-err><![CDATA[SLF4J: Failed to load class "org.slf4j.impl.StaticLoggerBinder".
SLF4J: Defaulting to no-operation (NOP) logger implementation
SLF4J: See http://www.slf4j.org/codes.html#StaticLoggerBinder for further details.
Starting ChromeDriver 99.0.4844.51 (d537ec02474b5afe23684e7963d538896c63ac77-refs/branch-heads/4844@{#875}) on port 49663
Only local connections are allowed.
Please see https://chromedriver.chromium.org/security-considerations for suggestions on keeping ChromeDriver safe.
ChromeDriver was started successfully.
[1650369778.717][WARNING]: This version of ChromeDriver has not been tested with Chrome version 100.
Apr 19, 2022 2:02:59 PM org.openqa.selenium.remote.ProtocolHandshake createSession
INFO: Detected dialect: W3C
Apr 19, 2022 2:02:59 PM org.openqa.selenium.devtools.CdpVersionFinder findNearestMatch
WARNING: Unable to find an exact match for CDP version 100, so returning the closest version found: 96
Apr 19, 2022 2:02:59 PM org.openqa.selenium.devtools.CdpVersionFinder findNearestMatch
INFO: Found CDP implementation for version 100 of 96
]]></system-err>
  </testcase>
  <testcase name="runScenario[&quot;user  could log in successfully with valid data&quot;, &quot;Optional[user could log in]&quot;](2)" classname="runner.RunnerTestNG" time="11.581">
    <system-out><![CDATA[
@Regression @oneTime
Scenario: user  could log in successfully with valid data &amp#27;[90m# src/test/java/features/F02_Login.feature:5&amp#27;[0m
  &amp#27;[32mWhen &amp#27;[0m&amp#27;[32muser at home home page and click log in&amp#27;[0m            &amp#27;[90m# stepDefinitions.LoginStep.userLoginWithValidData()&amp#27;[0m
  &amp#27;[32mGiven &amp#27;[0m&amp#27;[32muser enters valid &amp#27;[0m&amp#27;[32m&amp#27;[1m"12@gmail.com"&amp#27;[0m&amp#27;[32m and &amp#27;[0m&amp#27;[32m&amp#27;[1m"12341234"&amp#27;[0m   &amp#27;[90m# stepDefinitions.LoginStep.user_enters_valid_data(java.lang.String,java.lang.String)&amp#27;[0m
  &amp#27;[32mThen &amp#27;[0m&amp#27;[32muser can log in successfully to his account&amp#27;[0m        &amp#27;[90m# stepDefinitions.LoginStep.userCanLogInSuccessfullyToHisAccount()&amp#27;[0m
  &amp#27;[32mAnd &amp#27;[0m&amp#27;[32mlog out&amp#27;[0m                                             &amp#27;[90m# stepDefinitions.RegistrationStep.logOut()&amp#27;[0m
]]></system-out>
    <system-err><![CDATA[Starting ChromeDriver 99.0.4844.51 (d537ec02474b5afe23684e7963d538896c63ac77-refs/branch-heads/4844@{#875}) on port 53082
Only local connections are allowed.
Please see https://chromedriver.chromium.org/security-considerations for suggestions on keeping ChromeDriver safe.
ChromeDriver was started successfully.
[1650369793.798][WARNING]: This version of ChromeDriver has not been tested with Chrome version 100.
Apr 19, 2022 2:03:14 PM org.openqa.selenium.remote.ProtocolHandshake createSession
INFO: Detected dialect: W3C
Apr 19, 2022 2:03:14 PM org.openqa.selenium.devtools.CdpVersionFinder findNearestMatch
WARNING: Unable to find an exact match for CDP version 100, so returning the closest version found: 96
Apr 19, 2022 2:03:14 PM org.openqa.selenium.devtools.CdpVersionFinder findNearestMatch
INFO: Found CDP implementation for version 100 of 96
]]></system-err>
  </testcase>
  <testcase name="runScenario[&quot;user could be able to recover password by clicking on forgot password&quot;, &quot;Optional[recover password]&quot;](3)" classname="runner.RunnerTestNG" time="9.976">
    <system-out><![CDATA[
@Regression @oneTime
Scenario: user could be able to recover password by clicking on forgot password        &amp#27;[90m# src/test/java/features/F03_ResetPassword.feature:7&amp#27;[0m
  &amp#27;[32mGiven &amp#27;[0m&amp#27;[32muser at home page password forgotten&amp#27;[0m                                           &amp#27;[90m# stepDefinitions.LoginStep.userLoginWithValidData()&amp#27;[0m
  &amp#27;[32mWhen &amp#27;[0m&amp#27;[32mclicks on forgot password&amp#27;[0m                                                       &amp#27;[90m# stepDefinitions.RecoverForgottenPassword.clicksOnForgotPassword()&amp#27;[0m
  &amp#27;[32mThen &amp#27;[0m&amp#27;[32muser enters the email &amp#27;[0m&amp#27;[32m&amp#27;[1m"12@gmail.com"&amp#27;[0m&amp#27;[32m to become the link to recover his password&amp#27;[0m &amp#27;[90m# stepDefinitions.RecoverForgottenPassword.userEntersTheEmailToBecomeTheLinkToRecoverHisPassword(java.lang.String)&amp#27;[0m
  &amp#27;[32mAnd &amp#27;[0m&amp#27;[32muser becomes an email and could recover password&amp#27;[0m                                 &amp#27;[90m# stepDefinitions.RecoverForgottenPassword.userBecomesAnEmailAndCouldRecoverPassword()&amp#27;[0m
]]></system-out>
    <system-err><![CDATA[Starting ChromeDriver 99.0.4844.51 (d537ec02474b5afe23684e7963d538896c63ac77-refs/branch-heads/4844@{#875}) on port 61439
Only local connections are allowed.
Please see https://chromedriver.chromium.org/security-considerations for suggestions on keeping ChromeDriver safe.
ChromeDriver was started successfully.
[1650369805.408][WARNING]: This version of ChromeDriver has not been tested with Chrome version 100.
Apr 19, 2022 2:03:25 PM org.openqa.selenium.remote.ProtocolHandshake createSession
INFO: Detected dialect: W3C
Apr 19, 2022 2:03:25 PM org.openqa.selenium.devtools.CdpVersionFinder findNearestMatch
WARNING: Unable to find an exact match for CDP version 100, so returning the closest version found: 96
Apr 19, 2022 2:03:25 PM org.openqa.selenium.devtools.CdpVersionFinder findNearestMatch
INFO: Found CDP implementation for version 100 of 96
]]></system-err>
  </testcase>
  <testcase name="runScenario[&quot;user could search for product using full name&quot;, &quot;Optional[user could search for any product on the system]&quot;](4)" classname="runner.RunnerTestNG" time="10.052">
    <system-out><![CDATA[
@Regression @oneTime
Scenario: user could search for product using full name  &amp#27;[90m# src/test/java/features/F04_Search.feature:7&amp#27;[0m
  &amp#27;[32mGiven &amp#27;[0m&amp#27;[32muser writes item name &amp#27;[0m&amp#27;[32m&amp#27;[1m"mac"&amp#27;[0m&amp#27;[32m to search it&amp#27;[0m         &amp#27;[90m# stepDefinitions.SearchStep.userWritesItemNameToSearchIt(java.lang.String)&amp#27;[0m
  &amp#27;[32mWhen &amp#27;[0m&amp#27;[32muser clicks on search button&amp#27;[0m                      &amp#27;[90m# stepDefinitions.SearchStep.user_clicks_on_search_button()&amp#27;[0m
  &amp#27;[32mThen &amp#27;[0m&amp#27;[32muser finds the product and can add it to the cart&amp#27;[0m &amp#27;[90m# stepDefinitions.SearchStep.userFindsTheProductAndCanAddItToTheCart()&amp#27;[0m
]]></system-out>
    <system-err><![CDATA[Starting ChromeDriver 99.0.4844.51 (d537ec02474b5afe23684e7963d538896c63ac77-refs/branch-heads/4844@{#875}) on port 53441
Only local connections are allowed.
Please see https://chromedriver.chromium.org/security-considerations for suggestions on keeping ChromeDriver safe.
ChromeDriver was started successfully.
[1650369815.743][WARNING]: This version of ChromeDriver has not been tested with Chrome version 100.
Apr 19, 2022 2:03:35 PM org.openqa.selenium.remote.ProtocolHandshake createSession
INFO: Detected dialect: W3C
Apr 19, 2022 2:03:35 PM org.openqa.selenium.devtools.CdpVersionFinder findNearestMatch
WARNING: Unable to find an exact match for CDP version 100, so returning the closest version found: 96
Apr 19, 2022 2:03:35 PM org.openqa.selenium.devtools.CdpVersionFinder findNearestMatch
INFO: Found CDP implementation for version 100 of 96
]]></system-err>
  </testcase>
  <testcase name="runScenario[&quot;user could select Euro instead of US Dollar&quot;, &quot;Optional[change the currency]&quot;](5)" classname="runner.RunnerTestNG" time="10.668">
    <failure message="expected [true] but found [false]" type="java.lang.AssertionError"><![CDATA[java.lang.AssertionError: expected [true] but found [false]
]]></failure>
    <system-out><![CDATA[
@Regression
Scenario: user could select Euro instead of US Dollar   &amp#27;[90m# src/test/java/features/F05_CurrencyChange.feature:5&amp#27;[0m
  &amp#27;[32mWhen &amp#27;[0m&amp#27;[32muser selects currency drop list and chooses Euro&amp#27;[0m &amp#27;[90m# stepDefinitions.CurrencyChange.userSelectsCurrencyDropListAndChoosesEuro()&amp#27;[0m
  &amp#27;[31mThen &amp#27;[0m&amp#27;[31muser sees the price of the product in Euro&amp#27;[0m       &amp#27;[90m# stepDefinitions.CurrencyChange.userSeesThePriceOfTheProductInEuro()&amp#27;[0m
      &amp#27;[31mjava.lang.AssertionError: expected [true] but found [false]
	at org.testng.Assert.fail(Assert.java:99)
	at org.testng.Assert.failNotEquals(Assert.java:1037)
	at org.testng.Assert.assertTrue(Assert.java:45)
	at org.testng.Assert.assertTrue(Assert.java:55)
	at stepDefinitions.CurrencyChange.userSeesThePriceOfTheProductInEuro(CurrencyChange.java:27)
	at âœ½.user sees the price of the product in Euro(file:///D:/Self-Improvement/Projects/Testing%20Automation/AutomationLastUpdate/src/test/java/features/F05_CurrencyChange.feature:8)
&amp#27;[0m

    Embedding image [image/png 45786 bytes]

]]></system-out>
    <system-err><![CDATA[Starting ChromeDriver 99.0.4844.51 (d537ec02474b5afe23684e7963d538896c63ac77-refs/branch-heads/4844@{#875}) on port 61874
Only local connections are allowed.
Please see https://chromedriver.chromium.org/security-considerations for suggestions on keeping ChromeDriver safe.
ChromeDriver was started successfully.
[1650369825.705][WARNING]: This version of ChromeDriver has not been tested with Chrome version 100.
Apr 19, 2022 2:03:46 PM org.openqa.selenium.remote.ProtocolHandshake createSession
INFO: Detected dialect: W3C
Apr 19, 2022 2:03:46 PM org.openqa.selenium.devtools.CdpVersionFinder findNearestMatch
WARNING: Unable to find an exact match for CDP version 100, so returning the closest version found: 96
Apr 19, 2022 2:03:46 PM org.openqa.selenium.devtools.CdpVersionFinder findNearestMatch
INFO: Found CDP implementation for version 100 of 96
]]></system-err>
  </testcase>
  <testcase name="runScenario[&quot;user could hover at computer category and selects note book item&quot;, &quot;Optional[Hover category]&quot;](6)" classname="runner.RunnerTestNG" time="8.597">
    <system-out><![CDATA[
@Regression @smoke
Scenario: user could hover at computer category and selects note book item &amp#27;[90m# src/test/java/features/F06_SelectCatogory.feature:6&amp#27;[0m
  &amp#27;[32mWhen &amp#27;[0m&amp#27;[32muser hover at computer category and selects notebook&amp#27;[0m                &amp#27;[90m# stepDefinitions.HoverCategory.userHoverAtComputerCategoryAndSelectsNotebook()&amp#27;[0m
  &amp#27;[32mThen &amp#27;[0m&amp#27;[32muser could see all notebooks&amp#27;[0m                                        &amp#27;[90m# stepDefinitions.HoverCategory.userCouldSeeAllNotebooks()&amp#27;[0m
]]></system-out>
    <system-err><![CDATA[Starting ChromeDriver 99.0.4844.51 (d537ec02474b5afe23684e7963d538896c63ac77-refs/branch-heads/4844@{#875}) on port 62574
Only local connections are allowed.
Please see https://chromedriver.chromium.org/security-considerations for suggestions on keeping ChromeDriver safe.
ChromeDriver was started successfully.
[1650369836.279][WARNING]: This version of ChromeDriver has not been tested with Chrome version 100.
Apr 19, 2022 2:03:56 PM org.openqa.selenium.remote.ProtocolHandshake createSession
INFO: Detected dialect: W3C
Apr 19, 2022 2:03:56 PM org.openqa.selenium.devtools.CdpVersionFinder findNearestMatch
WARNING: Unable to find an exact match for CDP version 100, so returning the closest version found: 96
Apr 19, 2022 2:03:56 PM org.openqa.selenium.devtools.CdpVersionFinder findNearestMatch
INFO: Found CDP implementation for version 100 of 96
]]></system-err>
  </testcase>
  <testcase name="runScenario[&quot;user can filter shoes by red color&quot;, &quot;Optional[filter by color]&quot;](7)" classname="runner.RunnerTestNG" time="10.766">
    <system-out><![CDATA[
@Regression
Scenario: user can filter shoes by red color     &amp#27;[90m# src/test/java/features/F07_FilterByColor.feature:5&amp#27;[0m
  &amp#27;[32mGiven &amp#27;[0m&amp#27;[32muser navigates to Apparel & shoes&amp#27;[0m        &amp#27;[90m# stepDefinitions.FilterByColorStep.userNavigatesToApparelShoes()&amp#27;[0m
  &amp#27;[32mWhen &amp#27;[0m&amp#27;[32mselects the red shoes&amp#27;[0m                     &amp#27;[90m# stepDefinitions.FilterByColorStep.selectsTheRedShoes()&amp#27;[0m
  &amp#27;[32mThen &amp#27;[0m&amp#27;[32muser could see the price of the red shoes&amp#27;[0m &amp#27;[90m# stepDefinitions.FilterByColorStep.userCouldSeeThePriceOfTheRedShoes()&amp#27;[0m
]]></system-out>
    <system-err><![CDATA[Starting ChromeDriver 99.0.4844.51 (d537ec02474b5afe23684e7963d538896c63ac77-refs/branch-heads/4844@{#875}) on port 61535
Only local connections are allowed.
Please see https://chromedriver.chromium.org/security-considerations for suggestions on keeping ChromeDriver safe.
ChromeDriver was started successfully.
[1650369845.527][WARNING]: This version of ChromeDriver has not been tested with Chrome version 100.
Apr 19, 2022 2:04:05 PM org.openqa.selenium.remote.ProtocolHandshake createSession
INFO: Detected dialect: W3C
Apr 19, 2022 2:04:05 PM org.openqa.selenium.devtools.CdpVersionFinder findNearestMatch
WARNING: Unable to find an exact match for CDP version 100, so returning the closest version found: 96
Apr 19, 2022 2:04:05 PM org.openqa.selenium.devtools.CdpVersionFinder findNearestMatch
INFO: Found CDP implementation for version 100 of 96
]]></system-err>
  </testcase>
  <testcase name="runScenario[&quot;user could select awesome tag&quot;, &quot;Optional[select tag]&quot;](8)" classname="runner.RunnerTestNG" time="11.443">
    <system-out><![CDATA[
@Regression
Scenario: user could select awesome tag                  &amp#27;[90m# src/test/java/features/F08_SelectTag.feature:5&amp#27;[0m
  &amp#27;[32mWhen &amp#27;[0m&amp#27;[32muser navigates to Apparel & shoes&amp#27;[0m                 &amp#27;[90m# stepDefinitions.FilterByColorStep.userNavigatesToApparelShoes()&amp#27;[0m
  &amp#27;[32mThen &amp#27;[0m&amp#27;[32muser navigates to awesome tag&amp#27;[0m                     &amp#27;[90m# stepDefinitions.SelectTagStep.userNavigatesToAwesomeTag()&amp#27;[0m
  &amp#27;[32mAnd &amp#27;[0m&amp#27;[32muser could find all products under the awesome tag&amp#27;[0m &amp#27;[90m# stepDefinitions.SelectTagStep.userCouldFindAllProductsUnderTheAwesomeTag()&amp#27;[0m
]]></system-out>
    <system-err><![CDATA[Starting ChromeDriver 99.0.4844.51 (d537ec02474b5afe23684e7963d538896c63ac77-refs/branch-heads/4844@{#875}) on port 53447
Only local connections are allowed.
Please see https://chromedriver.chromium.org/security-considerations for suggestions on keeping ChromeDriver safe.
ChromeDriver was started successfully.
[1650369855.535][WARNING]: This version of ChromeDriver has not been tested with Chrome version 100.
Apr 19, 2022 2:04:16 PM org.openqa.selenium.remote.ProtocolHandshake createSession
INFO: Detected dialect: W3C
Apr 19, 2022 2:04:16 PM org.openqa.selenium.devtools.CdpVersionFinder findNearestMatch
WARNING: Unable to find an exact match for CDP version 100, so returning the closest version found: 96
Apr 19, 2022 2:04:16 PM org.openqa.selenium.devtools.CdpVersionFinder findNearestMatch
INFO: Found CDP implementation for version 100 of 96
]]></system-err>
  </testcase>
  <testcase name="runScenario[&quot;user could select a product and add it to the shopping cart&quot;, &quot;Optional[Adding product to the shopping cart]&quot;](9)" classname="runner.RunnerTestNG" time="9.834">
    <system-out><![CDATA[
@Regression
Scenario: user could select a product and add it to the shopping cart                       &amp#27;[90m# src/test/java/features/F09_AddingItemToShoppingCart.feature:5&amp#27;[0m
  &amp#27;[32mGiven &amp#27;[0m&amp#27;[32muser clicks on the product mac appel note book&amp#27;[0m                                      &amp#27;[90m# stepDefinitions.AddingProductToWishList.userClicksOnTheProductMacAppelNoteBookAndAddedItToWishList()&amp#27;[0m
  &amp#27;[32mWhen &amp#27;[0m&amp#27;[32muser added it to the shopping cart&amp#27;[0m                                                   &amp#27;[90m# stepDefinitions.AddingItemToShoppingcart.userClicksOnTheProductMacAppelNoteBookAndAddedItToTheShoppingCart()&amp#27;[0m
  &amp#27;[32mThen &amp#27;[0m&amp#27;[32muser can add this item to the shopping cart and a confirmation message will be shown&amp#27;[0m &amp#27;[90m# stepDefinitions.AddingItemToShoppingcart.userCanAddThisItemToTheShoppingCartAndAConfirmationMessageWillBeShown()&amp#27;[0m
]]></system-out>
    <system-err><![CDATA[Starting ChromeDriver 99.0.4844.51 (d537ec02474b5afe23684e7963d538896c63ac77-refs/branch-heads/4844@{#875}) on port 62545
Only local connections are allowed.
Please see https://chromedriver.chromium.org/security-considerations for suggestions on keeping ChromeDriver safe.
ChromeDriver was started successfully.
[1650369867.191][WARNING]: This version of ChromeDriver has not been tested with Chrome version 100.
Apr 19, 2022 2:04:27 PM org.openqa.selenium.remote.ProtocolHandshake createSession
INFO: Detected dialect: W3C
Apr 19, 2022 2:04:27 PM org.openqa.selenium.devtools.CdpVersionFinder findNearestMatch
WARNING: Unable to find an exact match for CDP version 100, so returning the closest version found: 96
Apr 19, 2022 2:04:27 PM org.openqa.selenium.devtools.CdpVersionFinder findNearestMatch
INFO: Found CDP implementation for version 100 of 96
]]></system-err>
  </testcase>
  <testcase name="runScenario[&quot;user could select a product and add it to the wish list&quot;, &quot;Optional[adding product to the wish list]&quot;](10)" classname="runner.RunnerTestNG" time="9.402">
    <system-out><![CDATA[
@Regression
Scenario: user could select a product and add it to the wish list                       &amp#27;[90m# src/test/java/features/F10_AddingItemToWishList.feature:5&amp#27;[0m
  &amp#27;[32mGiven &amp#27;[0m&amp#27;[32muser clicks on the product mac appel note book&amp#27;[0m                                  &amp#27;[90m# stepDefinitions.AddingProductToWishList.userClicksOnTheProductMacAppelNoteBookAndAddedItToWishList()&amp#27;[0m
  &amp#27;[32mWhen &amp#27;[0m&amp#27;[32muser add the product to wish list&amp#27;[0m                                                &amp#27;[90m# stepDefinitions.AddingProductToWishList.userAddTheProductToWishList()&amp#27;[0m
  &amp#27;[32mThen &amp#27;[0m&amp#27;[32muser can add this item to the wish list and a confirmation message will be shown&amp#27;[0m &amp#27;[90m# stepDefinitions.AddingProductToWishList.userCanAddThisItemToTheWishListAndAConfirmationMessageWillBeShown()&amp#27;[0m
]]></system-out>
    <system-err><![CDATA[Starting ChromeDriver 99.0.4844.51 (d537ec02474b5afe23684e7963d538896c63ac77-refs/branch-heads/4844@{#875}) on port 61682
Only local connections are allowed.
Please see https://chromedriver.chromium.org/security-considerations for suggestions on keeping ChromeDriver safe.
ChromeDriver was started successfully.
[1650369876.908][WARNING]: This version of ChromeDriver has not been tested with Chrome version 100.
Apr 19, 2022 2:04:37 PM org.openqa.selenium.remote.ProtocolHandshake createSession
INFO: Detected dialect: W3C
Apr 19, 2022 2:04:37 PM org.openqa.selenium.devtools.CdpVersionFinder findNearestMatch
WARNING: Unable to find an exact match for CDP version 100, so returning the closest version found: 96
Apr 19, 2022 2:04:37 PM org.openqa.selenium.devtools.CdpVersionFinder findNearestMatch
INFO: Found CDP implementation for version 100 of 96
]]></system-err>
  </testcase>
  <testcase name="runScenario[&quot;user could select a product and add it to the compare list&quot;, &quot;Optional[adding product to compare lise]&quot;](11)" classname="runner.RunnerTestNG" time="9.477">
    <system-out><![CDATA[
@Regression
Scenario: user could select a product and add it to the compare list                       &amp#27;[90m# src/test/java/features/F11_AddingItemToCompareLIse.feature:5&amp#27;[0m
  &amp#27;[32mGiven &amp#27;[0m&amp#27;[32muser clicks on the product mac appel note book&amp#27;[0m                                     &amp#27;[90m# stepDefinitions.AddingProductToWishList.userClicksOnTheProductMacAppelNoteBookAndAddedItToWishList()&amp#27;[0m
  &amp#27;[32mWhen &amp#27;[0m&amp#27;[32muser added it to compare list&amp#27;[0m                                                       &amp#27;[90m# stepDefinitions.AddingItemToCompareList.userClicksOnAProductMacAppelNoteBookAndAddedItToCompareList()&amp#27;[0m
  &amp#27;[32mThen &amp#27;[0m&amp#27;[32muser can add this item to the compare list and a confirmation message will be shown&amp#27;[0m &amp#27;[90m# stepDefinitions.AddingItemToCompareList.userCanAddThisItemToTheCompareListAndAConfirmationMessageWillBeShown()&amp#27;[0m
]]></system-out>
    <system-err><![CDATA[Starting ChromeDriver 99.0.4844.51 (d537ec02474b5afe23684e7963d538896c63ac77-refs/branch-heads/4844@{#875}) on port 60270
Only local connections are allowed.
Please see https://chromedriver.chromium.org/security-considerations for suggestions on keeping ChromeDriver safe.
ChromeDriver was started successfully.
[1650369886.310][WARNING]: This version of ChromeDriver has not been tested with Chrome version 100.
Apr 19, 2022 2:04:46 PM org.openqa.selenium.remote.ProtocolHandshake createSession
INFO: Detected dialect: W3C
Apr 19, 2022 2:04:46 PM org.openqa.selenium.devtools.CdpVersionFinder findNearestMatch
WARNING: Unable to find an exact match for CDP version 100, so returning the closest version found: 96
Apr 19, 2022 2:04:46 PM org.openqa.selenium.devtools.CdpVersionFinder findNearestMatch
INFO: Found CDP implementation for version 100 of 96
]]></system-err>
  </testcase>
  <testcase name="runScenario[&quot;user could order mac note book successfully&quot;, &quot;Optional[order product successfully]&quot;](12)" classname="runner.RunnerTestNG" time="26.98">
    <system-out><![CDATA[
@Regression
Scenario: user could order mac note book successfully &amp#27;[90m# src/test/java/features/F12_OrderProduct.feature:5&amp#27;[0m
  &amp#27;[32mGiven &amp#27;[0m&amp#27;[32muser add mac appel note book to shopping cart&amp#27;[0m &amp#27;[90m# stepDefinitions.OrderProductSuccessfully.userCouldAddMacAppelNoteBookToShoppingCart()&amp#27;[0m
  &amp#27;[32mWhen &amp#27;[0m&amp#27;[32muser go to shopping cart&amp#27;[0m                       &amp#27;[90m# stepDefinitions.OrderProductSuccessfully.userGoToShoppingCart()&amp#27;[0m
  &amp#27;[32mAnd &amp#27;[0m&amp#27;[32mupdate the shopping cart&amp#27;[0m                        &amp#27;[90m# stepDefinitions.OrderProductSuccessfully.selectsNoteBooksAndUpdateTheShoppingCart()&amp#27;[0m
  &amp#27;[32mAnd &amp#27;[0m&amp#27;[32mshould register to continue with order&amp#27;[0m          &amp#27;[90m# stepDefinitions.OrderProductSuccessfully.shouldRegisterToContinueWithOrder()&amp#27;[0m
  &amp#27;[32mAnd &amp#27;[0m&amp#27;[32menters the shipping address and payment&amp#27;[0m         &amp#27;[90m# stepDefinitions.OrderProductSuccessfully.entersTheShippingAddressAndPayment()&amp#27;[0m
  &amp#27;[32mThen &amp#27;[0m&amp#27;[32muser could order his product successfully&amp#27;[0m      &amp#27;[90m# stepDefinitions.OrderProductSuccessfully.userCouldOrderHisProductSuccessfully()&amp#27;[0m
]]></system-out>
    <system-err><![CDATA[Starting ChromeDriver 99.0.4844.51 (d537ec02474b5afe23684e7963d538896c63ac77-refs/branch-heads/4844@{#875}) on port 59582
Only local connections are allowed.
Please see https://chromedriver.chromium.org/security-considerations for suggestions on keeping ChromeDriver safe.
ChromeDriver was started successfully.
[1650369895.773][WARNING]: This version of ChromeDriver has not been tested with Chrome version 100.
Apr 19, 2022 2:04:56 PM org.openqa.selenium.remote.ProtocolHandshake createSession
INFO: Detected dialect: W3C
Apr 19, 2022 2:04:56 PM org.openqa.selenium.devtools.CdpVersionFinder findNearestMatch
WARNING: Unable to find an exact match for CDP version 100, so returning the closest version found: 96
Apr 19, 2022 2:04:56 PM org.openqa.selenium.devtools.CdpVersionFinder findNearestMatch
INFO: Found CDP implementation for version 100 of 96
]]></system-err>
  </testcase>
</testsuite>